2016-06-20 11:59:57,619 - Trying to use logger class org.apache.velocity.runtime.log.Log4JLogChute
2016-06-20 11:59:57,620 - Using logger class org.apache.velocity.runtime.log.Log4JLogChute
2016-06-20 11:59:57,624 - Default ResourceManager initializing. (class org.apache.velocity.runtime.resource.ResourceManagerImpl)
2016-06-20 11:59:57,627 - ResourceLoader instantiated: org.apache.velocity.runtime.resource.loader.ClasspathResourceLoader
2016-06-20 11:59:57,645 - ResourceCache: initialized (class org.apache.velocity.runtime.resource.ResourceCacheImpl)
2016-06-20 11:59:57,646 - Loaded System Directive: org.apache.velocity.runtime.directive.Literal
2016-06-20 11:59:57,647 - Loaded System Directive: org.apache.velocity.runtime.directive.Macro
2016-06-20 11:59:57,649 - Loaded System Directive: org.apache.velocity.runtime.directive.Parse
2016-06-20 11:59:57,650 - Loaded System Directive: org.apache.velocity.runtime.directive.Include
2016-06-20 11:59:57,651 - Loaded System Directive: org.apache.velocity.runtime.directive.Foreach
2016-06-20 11:59:57,687 - Created '20' parsers.
2016-06-20 11:59:57,692 - Velocimacro : "velocimacro.library" is not set.  Trying default library: VM_global_library.vm
2016-06-20 11:59:57,744 - Velocimacro : Default library not found.
2016-06-20 11:59:57,744 - Velocimacro : allowInline = true : VMs can be defined inline in templates
2016-06-20 11:59:57,744 - Velocimacro : allowInlineToOverride = false : VMs defined inline may NOT replace previous VM definitions
2016-06-20 11:59:57,744 - Velocimacro : allowInlineLocal = false : VMs defined inline will be global in scope if allowed.
2016-06-20 11:59:57,744 - Velocimacro : autoload off : VM system will not automatically reload global library macros
2016-06-20 12:00:21,376 - ResourceManager : found tpjsmiddlewareerror.vm with loader org.apache.velocity.runtime.resource.loader.ClasspathResourceLoader
2016-06-20 12:00:21,377 - ResourceManager : found tpjssessionerror.vm with loader org.apache.velocity.runtime.resource.loader.ClasspathResourceLoader
2016-06-20 12:00:21,377 - ResourceManager : found tpjsapperror.vm with loader org.apache.velocity.runtime.resource.loader.ClasspathResourceLoader
2016-06-20 12:00:21,405 - ResourceManager : found tpjsmiddlewareinvoker.vm with loader org.apache.velocity.runtime.resource.loader.ClasspathResourceLoader
2016-06-20 12:00:21,406 - Left side ($palmpre) of '==' operation has null value. If a reference, it may not be in the context. Operation not possible. tpjsmiddlewareinvoker.vm [line 93, column 20]
2016-06-20 12:00:21,406 - Left side ($palmpre) of '==' operation has null value. If a reference, it may not be in the context. Operation not possible. tpjsmiddlewareinvoker.vm [line 172, column 20]
2016-06-20 12:00:21,406 - Left side ($palmpre) of '==' operation has null value. If a reference, it may not be in the context. Operation not possible. tpjsmiddlewareinvoker.vm [line 255, column 20]
2016-06-20 12:00:21,406 - Left side ($palmpre) of '==' operation has null value. If a reference, it may not be in the context. Operation not possible. tpjsmiddlewareinvoker.vm [line 326, column 20]
2016-06-20 12:00:21,406 - Left side ($palmpre) of '==' operation has null value. If a reference, it may not be in the context. Operation not possible. tpjsmiddlewareinvoker.vm [line 395, column 20]
2016-06-20 12:00:21,407 - ResourceManager : found tpjscallfunc.vm with loader org.apache.velocity.runtime.resource.loader.ClasspathResourceLoader
2016-06-20 12:00:21,456 - ResourceManager : found tpjsstartup.vm with loader org.apache.velocity.runtime.resource.loader.ClasspathResourceLoader
2016-06-20 12:00:21,476 - ResourceManager : found tpjshybridstartupforspa.vm with loader org.apache.velocity.runtime.resource.loader.ClasspathResourceLoader
2016-06-20 12:00:21,490 - ResourceManager : found tpjswinmobilesequencecontainerglobals.vm with loader org.apache.velocity.runtime.resource.loader.ClasspathResourceLoader
2016-06-20 12:00:21,493 - ResourceManager : found tpjswinmobilesequence.vm with loader org.apache.velocity.runtime.resource.loader.ClasspathResourceLoader
2016-06-20 12:00:21,497 - ResourceManager : found tpjsappconfigfortc.vm with loader org.apache.velocity.runtime.resource.loader.ClasspathResourceLoader
2016-06-20 12:00:21,499 - ResourceManager : found customizederrorjsptemplate.vm with loader org.apache.velocity.runtime.resource.loader.ClasspathResourceLoader
2016-06-20 12:00:21,502 - ResourceManager : found tpspabasetemplateforjs.vm with loader org.apache.velocity.runtime.resource.loader.ClasspathResourceLoader
2016-06-20 12:00:21,700 - ResourceManager : found tpjsformglobalsforbb10.vm with loader org.apache.velocity.runtime.resource.loader.ClasspathResourceLoader
2016-06-20 12:09:56,470 - Log4JLogChute initialized using file 'velocity.log'
2016-06-20 12:09:56,470 - Starting Apache Velocity v1.5 (compiled: 2007-02-22 08:52:29)
2016-06-20 12:09:56,471 - Default Properties File: org\apache\velocity\runtime\defaults\velocity.properties
2016-06-20 12:09:56,471 - Trying to use logger class org.apache.velocity.runtime.log.AvalonLogChute
2016-06-20 12:09:56,471 - Couldn't find class org.apache.velocity.runtime.log.AvalonLogChute or necessary supporting classes in classpath.
java.lang.NoClassDefFoundError: org/apache/log/format/Formatter
	at java.lang.Class.forName0(Native Method)
	at java.lang.Class.forName(Unknown Source)
	at org.apache.velocity.util.ClassUtils.getClass(ClassUtils.java:63)
	at org.apache.velocity.util.ClassUtils.getNewInstance(ClassUtils.java:95)
	at org.apache.velocity.runtime.log.LogManager.createLogChute(LogManager.java:147)
	at org.apache.velocity.runtime.log.LogManager.updateLog(LogManager.java:208)
	at org.apache.velocity.runtime.RuntimeInstance.initializeLog(RuntimeInstance.java:728)
	at org.apache.velocity.runtime.RuntimeInstance.init(RuntimeInstance.java:240)
	at org.apache.velocity.runtime.RuntimeInstance.init(RuntimeInstance.java:534)
	at org.apache.velocity.runtime.RuntimeSingleton.init(RuntimeSingleton.java:227)
	at org.apache.velocity.app.Velocity.init(Velocity.java:111)
	at com.kony.tool.templateprovider.VelocityTemplateProvider.<clinit>(VelocityTemplateProvider.java:53)
	at com.pat.tool.keditor.KEditorPlugin.init(KEditorPlugin.java:679)
	at com.pat.tool.keditor.KEditorPlugin.start(KEditorPlugin.java:578)
	at org.eclipse.osgi.framework.internal.core.BundleContextImpl$1.run(BundleContextImpl.java:711)
	at java.security.AccessController.doPrivileged(Native Method)
	at org.eclipse.osgi.framework.internal.core.BundleContextImpl.startActivator(BundleContextImpl.java:702)
	at org.eclipse.osgi.framework.internal.core.BundleContextImpl.start(BundleContextImpl.java:683)
	at org.eclipse.osgi.framework.internal.core.BundleHost.startWorker(BundleHost.java:381)
	at org.eclipse.osgi.framework.internal.core.AbstractBundle.start(AbstractBundle.java:300)
	at org.eclipse.osgi.framework.util.SecureAction.start(SecureAction.java:478)
	at org.eclipse.osgi.internal.loader.BundleLoader.setLazyTrigger(BundleLoader.java:263)
	at org.eclipse.core.runtime.internal.adaptor.EclipseLazyStarter.postFindLocalClass(EclipseLazyStarter.java:109)
	at org.eclipse.osgi.baseadaptor.loader.ClasspathManager.findLocalClass(ClasspathManager.java:469)
	at org.eclipse.osgi.internal.baseadaptor.DefaultClassLoader.findLocalClass(DefaultClassLoader.java:216)
	at org.eclipse.osgi.internal.loader.BundleLoader.findLocalClass(BundleLoader.java:395)
	at org.eclipse.osgi.internal.loader.BundleLoader.findClassInternal(BundleLoader.java:464)
	at org.eclipse.osgi.internal.loader.BundleLoader.findClass(BundleLoader.java:421)
	at org.eclipse.osgi.internal.loader.BundleLoader.findClass(BundleLoader.java:412)
	at org.eclipse.osgi.internal.baseadaptor.DefaultClassLoader.loadClass(DefaultClassLoader.java:107)
	at java.lang.ClassLoader.loadClass(Unknown Source)
	at org.eclipse.osgi.internal.loader.BundleLoader.loadClass(BundleLoader.java:340)
	at org.eclipse.osgi.framework.internal.core.BundleHost.loadClass(BundleHost.java:229)
	at org.eclipse.osgi.framework.internal.core.AbstractBundle.loadClass(AbstractBundle.java:1212)
	at org.eclipse.core.internal.registry.osgi.RegistryStrategyOSGI.createExecutableExtension(RegistryStrategyOSGI.java:174)
	at org.eclipse.core.internal.registry.ExtensionRegistry.createExecutableExtension(ExtensionRegistry.java:905)
	at org.eclipse.core.internal.registry.ConfigurationElement.createExecutableExtension(ConfigurationElement.java:243)
	at org.eclipse.core.internal.registry.ConfigurationElementHandle.createExecutableExtension(ConfigurationElementHandle.java:55)
	at org.eclipse.equinox.internal.app.EclipseAppHandle.run(EclipseAppHandle.java:191)
	at org.eclipse.core.runtime.internal.adaptor.EclipseAppLauncher.runApplication(EclipseAppLauncher.java:110)
	at org.eclipse.core.runtime.internal.adaptor.EclipseAppLauncher.start(EclipseAppLauncher.java:79)
	at org.eclipse.core.runtime.adaptor.EclipseStarter.run(EclipseStarter.java:354)
	at org.eclipse.core.runtime.adaptor.EclipseStarter.run(EclipseStarter.java:181)
	at sun.reflect.NativeMethodAccessorImpl.invoke0(Native Method)
	at sun.reflect.NativeMethodAccessorImpl.invoke(Unknown Source)
	at sun.reflect.DelegatingMethodAccessorImpl.invoke(Unknown Source)
	at java.lang.reflect.Method.invoke(Unknown Source)
	at org.eclipse.equinox.launcher.Main.invokeFramework(Main.java:636)
	at org.eclipse.equinox.launcher.Main.basicRun(Main.java:591)
	at org.eclipse.equinox.launcher.Main.run(Main.java:1450)
	at org.eclipse.equinox.launcher.Main.main(Main.java:1426)
	at org.eclipse.core.launcher.Main.main(Main.java:34)
Caused by: java.lang.ClassNotFoundException: org.apache.log.format.Formatter cannot be found by com.kony.thirdparty.jars_7.0.0.GA_v201602241207
	at org.eclipse.osgi.internal.loader.BundleLoader.findClassInternal(BundleLoader.java:501)
	at org.eclipse.osgi.internal.loader.BundleLoader.findClass(BundleLoader.java:421)
	at org.eclipse.osgi.internal.loader.BundleLoader.findClass(BundleLoader.java:412)
	at org.eclipse.osgi.internal.baseadaptor.DefaultClassLoader.loadClass(DefaultClassLoader.java:107)
	at java.lang.ClassLoader.loadClass(Unknown Source)
	... 52 more
2016-06-20 12:09:56,473 - Trying to use logger class org.apache.velocity.runtime.log.Log4JLogChute
2016-06-20 12:09:56,473 - Using logger class org.apache.velocity.runtime.log.Log4JLogChute
2016-06-20 12:09:56,475 - Default ResourceManager initializing. (class org.apache.velocity.runtime.resource.ResourceManagerImpl)
2016-06-20 12:09:56,477 - ResourceLoader instantiated: org.apache.velocity.runtime.resource.loader.ClasspathResourceLoader
2016-06-20 12:09:56,488 - ResourceCache: initialized (class org.apache.velocity.runtime.resource.ResourceCacheImpl)
2016-06-20 12:09:56,488 - Loaded System Directive: org.apache.velocity.runtime.directive.Literal
2016-06-20 12:09:56,490 - Loaded System Directive: org.apache.velocity.runtime.directive.Macro
2016-06-20 12:09:56,490 - Loaded System Directive: org.apache.velocity.runtime.directive.Parse
2016-06-20 12:09:56,492 - Loaded System Directive: org.apache.velocity.runtime.directive.Include
2016-06-20 12:09:56,492 - Loaded System Directive: org.apache.velocity.runtime.directive.Foreach
2016-06-20 12:09:56,519 - Created '20' parsers.
2016-06-20 12:09:56,524 - Velocimacro : "velocimacro.library" is not set.  Trying default library: VM_global_library.vm
2016-06-20 12:09:56,595 - Velocimacro : Default library not found.
2016-06-20 12:09:56,595 - Velocimacro : allowInline = true : VMs can be defined inline in templates
2016-06-20 12:09:56,595 - Velocimacro : allowInlineToOverride = false : VMs defined inline may NOT replace previous VM definitions
2016-06-20 12:09:56,595 - Velocimacro : allowInlineLocal = false : VMs defined inline will be global in scope if allowed.
2016-06-20 12:09:56,595 - Velocimacro : autoload off : VM system will not automatically reload global library macros
2016-06-20 12:10:06,249 - ResourceManager : found tpjsmiddlewareerror.vm with loader org.apache.velocity.runtime.resource.loader.ClasspathResourceLoader
2016-06-20 12:10:06,250 - ResourceManager : found tpjssessionerror.vm with loader org.apache.velocity.runtime.resource.loader.ClasspathResourceLoader
2016-06-20 12:10:06,250 - ResourceManager : found tpjsapperror.vm with loader org.apache.velocity.runtime.resource.loader.ClasspathResourceLoader
2016-06-20 12:10:06,269 - ResourceManager : found tpjsmiddlewareinvoker.vm with loader org.apache.velocity.runtime.resource.loader.ClasspathResourceLoader
2016-06-20 12:10:06,270 - Left side ($palmpre) of '==' operation has null value. If a reference, it may not be in the context. Operation not possible. tpjsmiddlewareinvoker.vm [line 93, column 20]
2016-06-20 12:10:06,270 - Left side ($palmpre) of '==' operation has null value. If a reference, it may not be in the context. Operation not possible. tpjsmiddlewareinvoker.vm [line 172, column 20]
2016-06-20 12:10:06,270 - Left side ($palmpre) of '==' operation has null value. If a reference, it may not be in the context. Operation not possible. tpjsmiddlewareinvoker.vm [line 255, column 20]
2016-06-20 12:10:06,270 - Left side ($palmpre) of '==' operation has null value. If a reference, it may not be in the context. Operation not possible. tpjsmiddlewareinvoker.vm [line 326, column 20]
2016-06-20 12:10:06,270 - Left side ($palmpre) of '==' operation has null value. If a reference, it may not be in the context. Operation not possible. tpjsmiddlewareinvoker.vm [line 395, column 20]
2016-06-20 12:10:06,271 - ResourceManager : found tpjscallfunc.vm with loader org.apache.velocity.runtime.resource.loader.ClasspathResourceLoader
2016-06-20 12:10:06,303 - ResourceManager : found tpjsstartup.vm with loader org.apache.velocity.runtime.resource.loader.ClasspathResourceLoader
2016-06-20 12:10:06,317 - ResourceManager : found tpjshybridstartupforspa.vm with loader org.apache.velocity.runtime.resource.loader.ClasspathResourceLoader
2016-06-20 12:10:06,325 - ResourceManager : found tpjswinmobilesequencecontainerglobals.vm with loader org.apache.velocity.runtime.resource.loader.ClasspathResourceLoader
2016-06-20 12:10:06,328 - ResourceManager : found tpjswinmobilesequence.vm with loader org.apache.velocity.runtime.resource.loader.ClasspathResourceLoader
2016-06-20 12:10:06,331 - ResourceManager : found tpjsappconfigfortc.vm with loader org.apache.velocity.runtime.resource.loader.ClasspathResourceLoader
2016-06-20 12:10:06,332 - ResourceManager : found customizederrorjsptemplate.vm with loader org.apache.velocity.runtime.resource.loader.ClasspathResourceLoader
2016-06-20 12:10:06,334 - ResourceManager : found tpspabasetemplateforjs.vm with loader org.apache.velocity.runtime.resource.loader.ClasspathResourceLoader
2016-06-20 12:10:06,336 - ResourceManager : found tpjsformglobalsforbb10.vm with loader org.apache.velocity.runtime.resource.loader.ClasspathResourceLoader
2016-06-20 12:20:28,295 - Log4JLogChute initialized using file 'velocity.log'
2016-06-20 12:20:28,296 - Starting Apache Velocity v1.5 (compiled: 2007-02-22 08:52:29)
2016-06-20 12:20:28,296 - Default Properties File: org\apache\velocity\runtime\defaults\velocity.properties
2016-06-20 12:20:28,296 - Trying to use logger class org.apache.velocity.runtime.log.AvalonLogChute
2016-06-20 12:20:28,297 - Couldn't find class org.apache.velocity.runtime.log.AvalonLogChute or necessary supporting classes in classpath.
java.lang.NoClassDefFoundError: org/apache/log/format/Formatter
	at java.lang.Class.forName0(Native Method)
	at java.lang.Class.forName(Unknown Source)
	at org.apache.velocity.util.ClassUtils.getClass(ClassUtils.java:63)
	at org.apache.velocity.util.ClassUtils.getNewInstance(ClassUtils.java:95)
	at org.apache.velocity.runtime.log.LogManager.createLogChute(LogManager.java:147)
	at org.apache.velocity.runtime.log.LogManager.updateLog(LogManager.java:208)
	at org.apache.velocity.runtime.RuntimeInstance.initializeLog(RuntimeInstance.java:728)
	at org.apache.velocity.runtime.RuntimeInstance.init(RuntimeInstance.java:240)
	at org.apache.velocity.runtime.RuntimeInstance.init(RuntimeInstance.java:534)
	at org.apache.velocity.runtime.RuntimeSingleton.init(RuntimeSingleton.java:227)
	at org.apache.velocity.app.Velocity.init(Velocity.java:111)
	at com.kony.tool.templateprovider.VelocityTemplateProvider.<clinit>(VelocityTemplateProvider.java:53)
	at com.pat.tool.keditor.KEditorPlugin.init(KEditorPlugin.java:679)
	at com.pat.tool.keditor.KEditorPlugin.start(KEditorPlugin.java:578)
	at org.eclipse.osgi.framework.internal.core.BundleContextImpl$1.run(BundleContextImpl.java:711)
	at java.security.AccessController.doPrivileged(Native Method)
	at org.eclipse.osgi.framework.internal.core.BundleContextImpl.startActivator(BundleContextImpl.java:702)
	at org.eclipse.osgi.framework.internal.core.BundleContextImpl.start(BundleContextImpl.java:683)
	at org.eclipse.osgi.framework.internal.core.BundleHost.startWorker(BundleHost.java:381)
	at org.eclipse.osgi.framework.internal.core.AbstractBundle.start(AbstractBundle.java:300)
	at org.eclipse.osgi.framework.util.SecureAction.start(SecureAction.java:478)
	at org.eclipse.osgi.internal.loader.BundleLoader.setLazyTrigger(BundleLoader.java:263)
	at org.eclipse.core.runtime.internal.adaptor.EclipseLazyStarter.postFindLocalClass(EclipseLazyStarter.java:109)
	at org.eclipse.osgi.baseadaptor.loader.ClasspathManager.findLocalClass(ClasspathManager.java:469)
	at org.eclipse.osgi.internal.baseadaptor.DefaultClassLoader.findLocalClass(DefaultClassLoader.java:216)
	at org.eclipse.osgi.internal.loader.BundleLoader.findLocalClass(BundleLoader.java:395)
	at org.eclipse.osgi.internal.loader.BundleLoader.findClassInternal(BundleLoader.java:464)
	at org.eclipse.osgi.internal.loader.BundleLoader.findClass(BundleLoader.java:421)
	at org.eclipse.osgi.internal.loader.BundleLoader.findClass(BundleLoader.java:412)
	at org.eclipse.osgi.internal.baseadaptor.DefaultClassLoader.loadClass(DefaultClassLoader.java:107)
	at java.lang.ClassLoader.loadClass(Unknown Source)
	at org.eclipse.osgi.internal.loader.BundleLoader.loadClass(BundleLoader.java:340)
	at org.eclipse.osgi.framework.internal.core.BundleHost.loadClass(BundleHost.java:229)
	at org.eclipse.osgi.framework.internal.core.AbstractBundle.loadClass(AbstractBundle.java:1212)
	at org.eclipse.core.internal.registry.osgi.RegistryStrategyOSGI.createExecutableExtension(RegistryStrategyOSGI.java:174)
	at org.eclipse.core.internal.registry.ExtensionRegistry.createExecutableExtension(ExtensionRegistry.java:905)
	at org.eclipse.core.internal.registry.ConfigurationElement.createExecutableExtension(ConfigurationElement.java:243)
	at org.eclipse.core.internal.registry.ConfigurationElementHandle.createExecutableExtension(ConfigurationElementHandle.java:55)
	at org.eclipse.equinox.internal.app.EclipseAppHandle.run(EclipseAppHandle.java:191)
	at org.eclipse.core.runtime.internal.adaptor.EclipseAppLauncher.runApplication(EclipseAppLauncher.java:110)
	at org.eclipse.core.runtime.internal.adaptor.EclipseAppLauncher.start(EclipseAppLauncher.java:79)
	at org.eclipse.core.runtime.adaptor.EclipseStarter.run(EclipseStarter.java:354)
	at org.eclipse.core.runtime.adaptor.EclipseStarter.run(EclipseStarter.java:181)
	at sun.reflect.NativeMethodAccessorImpl.invoke0(Native Method)
	at sun.reflect.NativeMethodAccessorImpl.invoke(Unknown Source)
	at sun.reflect.DelegatingMethodAccessorImpl.invoke(Unknown Source)
	at java.lang.reflect.Method.invoke(Unknown Source)
	at org.eclipse.equinox.launcher.Main.invokeFramework(Main.java:636)
	at org.eclipse.equinox.launcher.Main.basicRun(Main.java:591)
	at org.eclipse.equinox.launcher.Main.run(Main.java:1450)
	at org.eclipse.equinox.launcher.Main.main(Main.java:1426)
	at org.eclipse.core.launcher.Main.main(Main.java:34)
Caused by: java.lang.ClassNotFoundException: org.apache.log.format.Formatter cannot be found by com.kony.thirdparty.jars_7.0.0.GA_v201602241207
	at org.eclipse.osgi.internal.loader.BundleLoader.findClassInternal(BundleLoader.java:501)
	at org.eclipse.osgi.internal.loader.BundleLoader.findClass(BundleLoader.java:421)
	at org.eclipse.osgi.internal.loader.BundleLoader.findClass(BundleLoader.java:412)
	at org.eclipse.osgi.internal.baseadaptor.DefaultClassLoader.loadClass(DefaultClassLoader.java:107)
	at java.lang.ClassLoader.loadClass(Unknown Source)
	... 52 more
2016-06-20 12:20:28,298 - Trying to use logger class org.apache.velocity.runtime.log.Log4JLogChute
2016-06-20 12:20:28,298 - Using logger class org.apache.velocity.runtime.log.Log4JLogChute
2016-06-20 12:20:28,299 - Default ResourceManager initializing. (class org.apache.velocity.runtime.resource.ResourceManagerImpl)
2016-06-20 12:20:28,301 - ResourceLoader instantiated: org.apache.velocity.runtime.resource.loader.ClasspathResourceLoader
2016-06-20 12:20:28,311 - ResourceCache: initialized (class org.apache.velocity.runtime.resource.ResourceCacheImpl)
2016-06-20 12:20:28,312 - Loaded System Directive: org.apache.velocity.runtime.directive.Literal
2016-06-20 12:20:28,314 - Loaded System Directive: org.apache.velocity.runtime.directive.Macro
2016-06-20 12:20:28,315 - Loaded System Directive: org.apache.velocity.runtime.directive.Parse
2016-06-20 12:20:28,316 - Loaded System Directive: org.apache.velocity.runtime.directive.Include
2016-06-20 12:20:28,317 - Loaded System Directive: org.apache.velocity.runtime.directive.Foreach
2016-06-20 12:20:28,341 - Created '20' parsers.
2016-06-20 12:20:28,346 - Velocimacro : "velocimacro.library" is not set.  Trying default library: VM_global_library.vm
2016-06-20 12:20:28,416 - Velocimacro : Default library not found.
2016-06-20 12:20:28,416 - Velocimacro : allowInline = true : VMs can be defined inline in templates
2016-06-20 12:20:28,416 - Velocimacro : allowInlineToOverride = false : VMs defined inline may NOT replace previous VM definitions
2016-06-20 12:20:28,416 - Velocimacro : allowInlineLocal = false : VMs defined inline will be global in scope if allowed.
2016-06-20 12:20:28,416 - Velocimacro : autoload off : VM system will not automatically reload global library macros
2016-06-20 12:20:53,923 - ResourceManager : found tpjsmiddlewareerror.vm with loader org.apache.velocity.runtime.resource.loader.ClasspathResourceLoader
2016-06-20 12:20:53,924 - ResourceManager : found tpjssessionerror.vm with loader org.apache.velocity.runtime.resource.loader.ClasspathResourceLoader
2016-06-20 12:20:53,924 - ResourceManager : found tpjsapperror.vm with loader org.apache.velocity.runtime.resource.loader.ClasspathResourceLoader
2016-06-20 12:20:53,947 - ResourceManager : found tpjsmiddlewareinvoker.vm with loader org.apache.velocity.runtime.resource.loader.ClasspathResourceLoader
2016-06-20 12:20:53,949 - Left side ($palmpre) of '==' operation has null value. If a reference, it may not be in the context. Operation not possible. tpjsmiddlewareinvoker.vm [line 93, column 20]
2016-06-20 12:20:53,949 - Left side ($palmpre) of '==' operation has null value. If a reference, it may not be in the context. Operation not possible. tpjsmiddlewareinvoker.vm [line 172, column 20]
2016-06-20 12:20:53,949 - Left side ($palmpre) of '==' operation has null value. If a reference, it may not be in the context. Operation not possible. tpjsmiddlewareinvoker.vm [line 255, column 20]
2016-06-20 12:20:53,949 - Left side ($palmpre) of '==' operation has null value. If a reference, it may not be in the context. Operation not possible. tpjsmiddlewareinvoker.vm [line 326, column 20]
2016-06-20 12:20:53,949 - Left side ($palmpre) of '==' operation has null value. If a reference, it may not be in the context. Operation not possible. tpjsmiddlewareinvoker.vm [line 395, column 20]
2016-06-20 12:20:53,950 - ResourceManager : found tpjscallfunc.vm with loader org.apache.velocity.runtime.resource.loader.ClasspathResourceLoader
2016-06-20 12:20:53,993 - ResourceManager : found tpjsstartup.vm with loader org.apache.velocity.runtime.resource.loader.ClasspathResourceLoader
2016-06-20 12:20:54,014 - ResourceManager : found tpjshybridstartupforspa.vm with loader org.apache.velocity.runtime.resource.loader.ClasspathResourceLoader
2016-06-20 12:20:54,026 - ResourceManager : found tpjswinmobilesequencecontainerglobals.vm with loader org.apache.velocity.runtime.resource.loader.ClasspathResourceLoader
2016-06-20 12:20:54,031 - ResourceManager : found tpjswinmobilesequence.vm with loader org.apache.velocity.runtime.resource.loader.ClasspathResourceLoader
2016-06-20 12:20:54,047 - ResourceManager : found tpjsappconfigfortc.vm with loader org.apache.velocity.runtime.resource.loader.ClasspathResourceLoader
2016-06-20 12:20:54,048 - ResourceManager : found customizederrorjsptemplate.vm with loader org.apache.velocity.runtime.resource.loader.ClasspathResourceLoader
2016-06-20 12:20:54,051 - ResourceManager : found tpspabasetemplateforjs.vm with loader org.apache.velocity.runtime.resource.loader.ClasspathResourceLoader
2016-06-20 12:20:54,053 - ResourceManager : found tpjsformglobalsforbb10.vm with loader org.apache.velocity.runtime.resource.loader.ClasspathResourceLoader
2016-06-20 12:38:08,440 - Log4JLogChute initialized using file 'velocity.log'
2016-06-20 12:38:08,440 - Starting Apache Velocity v1.5 (compiled: 2007-02-22 08:52:29)
2016-06-20 12:38:08,441 - Default Properties File: org\apache\velocity\runtime\defaults\velocity.properties
2016-06-20 12:38:08,441 - Trying to use logger class org.apache.velocity.runtime.log.AvalonLogChute
2016-06-20 12:38:08,441 - Couldn't find class org.apache.velocity.runtime.log.AvalonLogChute or necessary supporting classes in classpath.
java.lang.NoClassDefFoundError: org/apache/log/format/Formatter
	at java.lang.Class.forName0(Native Method)
	at java.lang.Class.forName(Unknown Source)
	at org.apache.velocity.util.ClassUtils.getClass(ClassUtils.java:63)
	at org.apache.velocity.util.ClassUtils.getNewInstance(ClassUtils.java:95)
	at org.apache.velocity.runtime.log.LogManager.createLogChute(LogManager.java:147)
	at org.apache.velocity.runtime.log.LogManager.updateLog(LogManager.java:208)
	at org.apache.velocity.runtime.RuntimeInstance.initializeLog(RuntimeInstance.java:728)
	at org.apache.velocity.runtime.RuntimeInstance.init(RuntimeInstance.java:240)
	at org.apache.velocity.runtime.RuntimeInstance.init(RuntimeInstance.java:534)
	at org.apache.velocity.runtime.RuntimeSingleton.init(RuntimeSingleton.java:227)
	at org.apache.velocity.app.Velocity.init(Velocity.java:111)
	at com.kony.tool.templateprovider.VelocityTemplateProvider.<clinit>(VelocityTemplateProvider.java:53)
	at com.pat.tool.keditor.KEditorPlugin.init(KEditorPlugin.java:679)
	at com.pat.tool.keditor.KEditorPlugin.start(KEditorPlugin.java:578)
	at org.eclipse.osgi.framework.internal.core.BundleContextImpl$1.run(BundleContextImpl.java:711)
	at java.security.AccessController.doPrivileged(Native Method)
	at org.eclipse.osgi.framework.internal.core.BundleContextImpl.startActivator(BundleContextImpl.java:702)
	at org.eclipse.osgi.framework.internal.core.BundleContextImpl.start(BundleContextImpl.java:683)
	at org.eclipse.osgi.framework.internal.core.BundleHost.startWorker(BundleHost.java:381)
	at org.eclipse.osgi.framework.internal.core.AbstractBundle.start(AbstractBundle.java:300)
	at org.eclipse.osgi.framework.util.SecureAction.start(SecureAction.java:478)
	at org.eclipse.osgi.internal.loader.BundleLoader.setLazyTrigger(BundleLoader.java:263)
	at org.eclipse.core.runtime.internal.adaptor.EclipseLazyStarter.postFindLocalClass(EclipseLazyStarter.java:109)
	at org.eclipse.osgi.baseadaptor.loader.ClasspathManager.findLocalClass(ClasspathManager.java:469)
	at org.eclipse.osgi.internal.baseadaptor.DefaultClassLoader.findLocalClass(DefaultClassLoader.java:216)
	at org.eclipse.osgi.internal.loader.BundleLoader.findLocalClass(BundleLoader.java:395)
	at org.eclipse.osgi.internal.loader.BundleLoader.findClassInternal(BundleLoader.java:464)
	at org.eclipse.osgi.internal.loader.BundleLoader.findClass(BundleLoader.java:421)
	at org.eclipse.osgi.internal.loader.BundleLoader.findClass(BundleLoader.java:412)
	at org.eclipse.osgi.internal.baseadaptor.DefaultClassLoader.loadClass(DefaultClassLoader.java:107)
	at java.lang.ClassLoader.loadClass(Unknown Source)
	at org.eclipse.osgi.internal.loader.BundleLoader.loadClass(BundleLoader.java:340)
	at org.eclipse.osgi.framework.internal.core.BundleHost.loadClass(BundleHost.java:229)
	at org.eclipse.osgi.framework.internal.core.AbstractBundle.loadClass(AbstractBundle.java:1212)
	at org.eclipse.core.internal.registry.osgi.RegistryStrategyOSGI.createExecutableExtension(RegistryStrategyOSGI.java:174)
	at org.eclipse.core.internal.registry.ExtensionRegistry.createExecutableExtension(ExtensionRegistry.java:905)
	at org.eclipse.core.internal.registry.ConfigurationElement.createExecutableExtension(ConfigurationElement.java:243)
	at org.eclipse.core.internal.registry.ConfigurationElementHandle.createExecutableExtension(ConfigurationElementHandle.java:55)
	at org.eclipse.equinox.internal.app.EclipseAppHandle.run(EclipseAppHandle.java:191)
	at org.eclipse.core.runtime.internal.adaptor.EclipseAppLauncher.runApplication(EclipseAppLauncher.java:110)
	at org.eclipse.core.runtime.internal.adaptor.EclipseAppLauncher.start(EclipseAppLauncher.java:79)
	at org.eclipse.core.runtime.adaptor.EclipseStarter.run(EclipseStarter.java:354)
	at org.eclipse.core.runtime.adaptor.EclipseStarter.run(EclipseStarter.java:181)
	at sun.reflect.NativeMethodAccessorImpl.invoke0(Native Method)
	at sun.reflect.NativeMethodAccessorImpl.invoke(Unknown Source)
	at sun.reflect.DelegatingMethodAccessorImpl.invoke(Unknown Source)
	at java.lang.reflect.Method.invoke(Unknown Source)
	at org.eclipse.equinox.launcher.Main.invokeFramework(Main.java:636)
	at org.eclipse.equinox.launcher.Main.basicRun(Main.java:591)
	at org.eclipse.equinox.launcher.Main.run(Main.java:1450)
	at org.eclipse.equinox.launcher.Main.main(Main.java:1426)
	at org.eclipse.core.launcher.Main.main(Main.java:34)
Caused by: java.lang.ClassNotFoundException: org.apache.log.format.Formatter cannot be found by com.kony.thirdparty.jars_7.0.0.GA_v201602241207
	at org.eclipse.osgi.internal.loader.BundleLoader.findClassInternal(BundleLoader.java:501)
	at org.eclipse.osgi.internal.loader.BundleLoader.findClass(BundleLoader.java:421)
	at org.eclipse.osgi.internal.loader.BundleLoader.findClass(BundleLoader.java:412)
	at org.eclipse.osgi.internal.baseadaptor.DefaultClassLoader.loadClass(DefaultClassLoader.java:107)
	at java.lang.ClassLoader.loadClass(Unknown Source)
	... 52 more
2016-06-20 12:38:08,443 - Trying to use logger class org.apache.velocity.runtime.log.Log4JLogChute
2016-06-20 12:38:08,443 - Using logger class org.apache.velocity.runtime.log.Log4JLogChute
2016-06-20 12:38:08,446 - Default ResourceManager initializing. (class org.apache.velocity.runtime.resource.ResourceManagerImpl)
2016-06-20 12:38:08,449 - ResourceLoader instantiated: org.apache.velocity.runtime.resource.loader.ClasspathResourceLoader
2016-06-20 12:38:08,463 - ResourceCache: initialized (class org.apache.velocity.runtime.resource.ResourceCacheImpl)
2016-06-20 12:38:08,464 - Loaded System Directive: org.apache.velocity.runtime.directive.Literal
2016-06-20 12:38:08,466 - Loaded System Directive: org.apache.velocity.runtime.directive.Macro
2016-06-20 12:38:08,467 - Loaded System Directive: org.apache.velocity.runtime.directive.Parse
2016-06-20 12:38:08,468 - Loaded System Directive: org.apache.velocity.runtime.directive.Include
2016-06-20 12:38:08,469 - Loaded System Directive: org.apache.velocity.runtime.directive.Foreach
2016-06-20 12:38:08,500 - Created '20' parsers.
2016-06-20 12:38:08,508 - Velocimacro : "velocimacro.library" is not set.  Trying default library: VM_global_library.vm
2016-06-20 12:38:08,586 - Velocimacro : Default library not found.
2016-06-20 12:38:08,586 - Velocimacro : allowInline = true : VMs can be defined inline in templates
2016-06-20 12:38:08,586 - Velocimacro : allowInlineToOverride = false : VMs defined inline may NOT replace previous VM definitions
2016-06-20 12:38:08,586 - Velocimacro : allowInlineLocal = false : VMs defined inline will be global in scope if allowed.
2016-06-20 12:38:08,586 - Velocimacro : autoload off : VM system will not automatically reload global library macros
2016-06-20 12:38:27,070 - ResourceManager : found tpjsmiddlewareerror.vm with loader org.apache.velocity.runtime.resource.loader.ClasspathResourceLoader
2016-06-20 12:38:27,071 - ResourceManager : found tpjssessionerror.vm with loader org.apache.velocity.runtime.resource.loader.ClasspathResourceLoader
2016-06-20 12:38:27,072 - ResourceManager : found tpjsapperror.vm with loader org.apache.velocity.runtime.resource.loader.ClasspathResourceLoader
2016-06-20 12:38:27,097 - ResourceManager : found tpjsmiddlewareinvoker.vm with loader org.apache.velocity.runtime.resource.loader.ClasspathResourceLoader
2016-06-20 12:38:27,098 - Left side ($palmpre) of '==' operation has null value. If a reference, it may not be in the context. Operation not possible. tpjsmiddlewareinvoker.vm [line 93, column 20]
2016-06-20 12:38:27,099 - Left side ($palmpre) of '==' operation has null value. If a reference, it may not be in the context. Operation not possible. tpjsmiddlewareinvoker.vm [line 172, column 20]
2016-06-20 12:38:27,099 - Left side ($palmpre) of '==' operation has null value. If a reference, it may not be in the context. Operation not possible. tpjsmiddlewareinvoker.vm [line 255, column 20]
2016-06-20 12:38:27,099 - Left side ($palmpre) of '==' operation has null value. If a reference, it may not be in the context. Operation not possible. tpjsmiddlewareinvoker.vm [line 326, column 20]
2016-06-20 12:38:27,099 - Left side ($palmpre) of '==' operation has null value. If a reference, it may not be in the context. Operation not possible. tpjsmiddlewareinvoker.vm [line 395, column 20]
2016-06-20 12:38:27,099 - ResourceManager : found tpjscallfunc.vm with loader org.apache.velocity.runtime.resource.loader.ClasspathResourceLoader
2016-06-20 12:38:27,146 - ResourceManager : found tpjsstartup.vm with loader org.apache.velocity.runtime.resource.loader.ClasspathResourceLoader
2016-06-20 12:38:27,168 - ResourceManager : found tpjshybridstartupforspa.vm with loader org.apache.velocity.runtime.resource.loader.ClasspathResourceLoader
2016-06-20 12:38:27,180 - ResourceManager : found tpjswinmobilesequencecontainerglobals.vm with loader org.apache.velocity.runtime.resource.loader.ClasspathResourceLoader
2016-06-20 12:38:27,185 - ResourceManager : found tpjswinmobilesequence.vm with loader org.apache.velocity.runtime.resource.loader.ClasspathResourceLoader
2016-06-20 12:38:27,188 - ResourceManager : found tpjsappconfigfortc.vm with loader org.apache.velocity.runtime.resource.loader.ClasspathResourceLoader
2016-06-20 12:38:27,190 - ResourceManager : found customizederrorjsptemplate.vm with loader org.apache.velocity.runtime.resource.loader.ClasspathResourceLoader
2016-06-20 12:38:27,192 - ResourceManager : found tpspabasetemplateforjs.vm with loader org.apache.velocity.runtime.resource.loader.ClasspathResourceLoader
2016-06-20 12:38:27,299 - ResourceManager : found tpjsformglobalsforbb10.vm with loader org.apache.velocity.runtime.resource.loader.ClasspathResourceLoader
2016-06-20 12:47:27,967 - Log4JLogChute initialized using file 'velocity.log'
2016-06-20 12:47:27,967 - Starting Apache Velocity v1.5 (compiled: 2007-02-22 08:52:29)
2016-06-20 12:47:27,968 - Default Properties File: org\apache\velocity\runtime\defaults\velocity.properties
2016-06-20 12:47:27,968 - Trying to use logger class org.apache.velocity.runtime.log.AvalonLogChute
2016-06-20 12:47:27,968 - Couldn't find class org.apache.velocity.runtime.log.AvalonLogChute or necessary supporting classes in classpath.
java.lang.NoClassDefFoundError: org/apache/log/format/Formatter
	at java.lang.Class.forName0(Native Method)
	at java.lang.Class.forName(Unknown Source)
	at org.apache.velocity.util.ClassUtils.getClass(ClassUtils.java:63)
	at org.apache.velocity.util.ClassUtils.getNewInstance(ClassUtils.java:95)
	at org.apache.velocity.runtime.log.LogManager.createLogChute(LogManager.java:147)
	at org.apache.velocity.runtime.log.LogManager.updateLog(LogManager.java:208)
	at org.apache.velocity.runtime.RuntimeInstance.initializeLog(RuntimeInstance.java:728)
	at org.apache.velocity.runtime.RuntimeInstance.init(RuntimeInstance.java:240)
	at org.apache.velocity.runtime.RuntimeInstance.init(RuntimeInstance.java:534)
	at org.apache.velocity.runtime.RuntimeSingleton.init(RuntimeSingleton.java:227)
	at org.apache.velocity.app.Velocity.init(Velocity.java:111)
	at com.kony.tool.templateprovider.VelocityTemplateProvider.<clinit>(VelocityTemplateProvider.java:53)
	at com.pat.tool.keditor.KEditorPlugin.init(KEditorPlugin.java:679)
	at com.pat.tool.keditor.KEditorPlugin.start(KEditorPlugin.java:578)
	at org.eclipse.osgi.framework.internal.core.BundleContextImpl$1.run(BundleContextImpl.java:711)
	at java.security.AccessController.doPrivileged(Native Method)
	at org.eclipse.osgi.framework.internal.core.BundleContextImpl.startActivator(BundleContextImpl.java:702)
	at org.eclipse.osgi.framework.internal.core.BundleContextImpl.start(BundleContextImpl.java:683)
	at org.eclipse.osgi.framework.internal.core.BundleHost.startWorker(BundleHost.java:381)
	at org.eclipse.osgi.framework.internal.core.AbstractBundle.start(AbstractBundle.java:300)
	at org.eclipse.osgi.framework.util.SecureAction.start(SecureAction.java:478)
	at org.eclipse.osgi.internal.loader.BundleLoader.setLazyTrigger(BundleLoader.java:263)
	at org.eclipse.core.runtime.internal.adaptor.EclipseLazyStarter.postFindLocalClass(EclipseLazyStarter.java:109)
	at org.eclipse.osgi.baseadaptor.loader.ClasspathManager.findLocalClass(ClasspathManager.java:469)
	at org.eclipse.osgi.internal.baseadaptor.DefaultClassLoader.findLocalClass(DefaultClassLoader.java:216)
	at org.eclipse.osgi.internal.loader.BundleLoader.findLocalClass(BundleLoader.java:395)
	at org.eclipse.osgi.internal.loader.BundleLoader.findClassInternal(BundleLoader.java:464)
	at org.eclipse.osgi.internal.loader.BundleLoader.findClass(BundleLoader.java:421)
	at org.eclipse.osgi.internal.loader.BundleLoader.findClass(BundleLoader.java:412)
	at org.eclipse.osgi.internal.baseadaptor.DefaultClassLoader.loadClass(DefaultClassLoader.java:107)
	at java.lang.ClassLoader.loadClass(Unknown Source)
	at org.eclipse.osgi.internal.loader.BundleLoader.loadClass(BundleLoader.java:340)
	at org.eclipse.osgi.framework.internal.core.BundleHost.loadClass(BundleHost.java:229)
	at org.eclipse.osgi.framework.internal.core.AbstractBundle.loadClass(AbstractBundle.java:1212)
	at org.eclipse.core.internal.registry.osgi.RegistryStrategyOSGI.createExecutableExtension(RegistryStrategyOSGI.java:174)
	at org.eclipse.core.internal.registry.ExtensionRegistry.createExecutableExtension(ExtensionRegistry.java:905)
	at org.eclipse.core.internal.registry.ConfigurationElement.createExecutableExtension(ConfigurationElement.java:243)
	at org.eclipse.core.internal.registry.ConfigurationElementHandle.createExecutableExtension(ConfigurationElementHandle.java:55)
	at org.eclipse.equinox.internal.app.EclipseAppHandle.run(EclipseAppHandle.java:191)
	at org.eclipse.core.runtime.internal.adaptor.EclipseAppLauncher.runApplication(EclipseAppLauncher.java:110)
	at org.eclipse.core.runtime.internal.adaptor.EclipseAppLauncher.start(EclipseAppLauncher.java:79)
	at org.eclipse.core.runtime.adaptor.EclipseStarter.run(EclipseStarter.java:354)
	at org.eclipse.core.runtime.adaptor.EclipseStarter.run(EclipseStarter.java:181)
	at sun.reflect.NativeMethodAccessorImpl.invoke0(Native Method)
	at sun.reflect.NativeMethodAccessorImpl.invoke(Unknown Source)
	at sun.reflect.DelegatingMethodAccessorImpl.invoke(Unknown Source)
	at java.lang.reflect.Method.invoke(Unknown Source)
	at org.eclipse.equinox.launcher.Main.invokeFramework(Main.java:636)
	at org.eclipse.equinox.launcher.Main.basicRun(Main.java:591)
	at org.eclipse.equinox.launcher.Main.run(Main.java:1450)
	at org.eclipse.equinox.launcher.Main.main(Main.java:1426)
	at org.eclipse.core.launcher.Main.main(Main.java:34)
Caused by: java.lang.ClassNotFoundException: org.apache.log.format.Formatter cannot be found by com.kony.thirdparty.jars_7.0.0.GA_v201602241207
	at org.eclipse.osgi.internal.loader.BundleLoader.findClassInternal(BundleLoader.java:501)
	at org.eclipse.osgi.internal.loader.BundleLoader.findClass(BundleLoader.java:421)
	at org.eclipse.osgi.internal.loader.BundleLoader.findClass(BundleLoader.java:412)
	at org.eclipse.osgi.internal.baseadaptor.DefaultClassLoader.loadClass(DefaultClassLoader.java:107)
	at java.lang.ClassLoader.loadClass(Unknown Source)
	... 52 more
2016-06-20 12:47:27,971 - Trying to use logger class org.apache.velocity.runtime.log.Log4JLogChute
2016-06-20 12:47:27,971 - Using logger class org.apache.velocity.runtime.log.Log4JLogChute
2016-06-20 12:47:27,975 - Default ResourceManager initializing. (class org.apache.velocity.runtime.resource.ResourceManagerImpl)
2016-06-20 12:47:27,979 - ResourceLoader instantiated: org.apache.velocity.runtime.resource.loader.ClasspathResourceLoader
2016-06-20 12:47:27,999 - ResourceCache: initialized (class org.apache.velocity.runtime.resource.ResourceCacheImpl)
2016-06-20 12:47:28,000 - Loaded System Directive: org.apache.velocity.runtime.directive.Literal
2016-06-20 12:47:28,003 - Loaded System Directive: org.apache.velocity.runtime.directive.Macro
2016-06-20 12:47:28,005 - Loaded System Directive: org.apache.velocity.runtime.directive.Parse
2016-06-20 12:47:28,007 - Loaded System Directive: org.apache.velocity.runtime.directive.Include
2016-06-20 12:47:28,009 - Loaded System Directive: org.apache.velocity.runtime.directive.Foreach
2016-06-20 12:47:28,051 - Created '20' parsers.
2016-06-20 12:47:28,061 - Velocimacro : "velocimacro.library" is not set.  Trying default library: VM_global_library.vm
2016-06-20 12:47:28,173 - Velocimacro : Default library not found.
2016-06-20 12:47:28,173 - Velocimacro : allowInline = true : VMs can be defined inline in templates
2016-06-20 12:47:28,173 - Velocimacro : allowInlineToOverride = false : VMs defined inline may NOT replace previous VM definitions
2016-06-20 12:47:28,174 - Velocimacro : allowInlineLocal = false : VMs defined inline will be global in scope if allowed.
2016-06-20 12:47:28,174 - Velocimacro : autoload off : VM system will not automatically reload global library macros
2016-06-20 12:50:27,398 - Log4JLogChute initialized using file 'velocity.log'
2016-06-20 12:50:27,398 - Starting Apache Velocity v1.5 (compiled: 2007-02-22 08:52:29)
2016-06-20 12:50:27,398 - Default Properties File: org\apache\velocity\runtime\defaults\velocity.properties
2016-06-20 12:50:27,398 - Trying to use logger class org.apache.velocity.runtime.log.AvalonLogChute
2016-06-20 12:50:27,399 - Couldn't find class org.apache.velocity.runtime.log.AvalonLogChute or necessary supporting classes in classpath.
java.lang.NoClassDefFoundError: org/apache/log/format/Formatter
	at java.lang.Class.forName0(Native Method)
	at java.lang.Class.forName(Unknown Source)
	at org.apache.velocity.util.ClassUtils.getClass(ClassUtils.java:63)
	at org.apache.velocity.util.ClassUtils.getNewInstance(ClassUtils.java:95)
	at org.apache.velocity.runtime.log.LogManager.createLogChute(LogManager.java:147)
	at org.apache.velocity.runtime.log.LogManager.updateLog(LogManager.java:208)
	at org.apache.velocity.runtime.RuntimeInstance.initializeLog(RuntimeInstance.java:728)
	at org.apache.velocity.runtime.RuntimeInstance.init(RuntimeInstance.java:240)
	at org.apache.velocity.runtime.RuntimeInstance.init(RuntimeInstance.java:534)
	at org.apache.velocity.runtime.RuntimeSingleton.init(RuntimeSingleton.java:227)
	at org.apache.velocity.app.Velocity.init(Velocity.java:111)
	at com.kony.tool.templateprovider.VelocityTemplateProvider.<clinit>(VelocityTemplateProvider.java:53)
	at com.pat.tool.keditor.KEditorPlugin.init(KEditorPlugin.java:679)
	at com.pat.tool.keditor.KEditorPlugin.start(KEditorPlugin.java:578)
	at org.eclipse.osgi.framework.internal.core.BundleContextImpl$1.run(BundleContextImpl.java:711)
	at java.security.AccessController.doPrivileged(Native Method)
	at org.eclipse.osgi.framework.internal.core.BundleContextImpl.startActivator(BundleContextImpl.java:702)
	at org.eclipse.osgi.framework.internal.core.BundleContextImpl.start(BundleContextImpl.java:683)
	at org.eclipse.osgi.framework.internal.core.BundleHost.startWorker(BundleHost.java:381)
	at org.eclipse.osgi.framework.internal.core.AbstractBundle.start(AbstractBundle.java:300)
	at org.eclipse.osgi.framework.util.SecureAction.start(SecureAction.java:478)
	at org.eclipse.osgi.internal.loader.BundleLoader.setLazyTrigger(BundleLoader.java:263)
	at org.eclipse.core.runtime.internal.adaptor.EclipseLazyStarter.postFindLocalClass(EclipseLazyStarter.java:109)
	at org.eclipse.osgi.baseadaptor.loader.ClasspathManager.findLocalClass(ClasspathManager.java:469)
	at org.eclipse.osgi.internal.baseadaptor.DefaultClassLoader.findLocalClass(DefaultClassLoader.java:216)
	at org.eclipse.osgi.internal.loader.BundleLoader.findLocalClass(BundleLoader.java:395)
	at org.eclipse.osgi.internal.loader.BundleLoader.findClassInternal(BundleLoader.java:464)
	at org.eclipse.osgi.internal.loader.BundleLoader.findClass(BundleLoader.java:421)
	at org.eclipse.osgi.internal.loader.BundleLoader.findClass(BundleLoader.java:412)
	at org.eclipse.osgi.internal.baseadaptor.DefaultClassLoader.loadClass(DefaultClassLoader.java:107)
	at java.lang.ClassLoader.loadClass(Unknown Source)
	at org.eclipse.osgi.internal.loader.BundleLoader.loadClass(BundleLoader.java:340)
	at org.eclipse.osgi.framework.internal.core.BundleHost.loadClass(BundleHost.java:229)
	at org.eclipse.osgi.framework.internal.core.AbstractBundle.loadClass(AbstractBundle.java:1212)
	at org.eclipse.core.internal.registry.osgi.RegistryStrategyOSGI.createExecutableExtension(RegistryStrategyOSGI.java:174)
	at org.eclipse.core.internal.registry.ExtensionRegistry.createExecutableExtension(ExtensionRegistry.java:905)
	at org.eclipse.core.internal.registry.ConfigurationElement.createExecutableExtension(ConfigurationElement.java:243)
	at org.eclipse.core.internal.registry.ConfigurationElementHandle.createExecutableExtension(ConfigurationElementHandle.java:55)
	at org.eclipse.equinox.internal.app.EclipseAppHandle.run(EclipseAppHandle.java:191)
	at org.eclipse.core.runtime.internal.adaptor.EclipseAppLauncher.runApplication(EclipseAppLauncher.java:110)
	at org.eclipse.core.runtime.internal.adaptor.EclipseAppLauncher.start(EclipseAppLauncher.java:79)
	at org.eclipse.core.runtime.adaptor.EclipseStarter.run(EclipseStarter.java:354)
	at org.eclipse.core.runtime.adaptor.EclipseStarter.run(EclipseStarter.java:181)
	at sun.reflect.NativeMethodAccessorImpl.invoke0(Native Method)
	at sun.reflect.NativeMethodAccessorImpl.invoke(Unknown Source)
	at sun.reflect.DelegatingMethodAccessorImpl.invoke(Unknown Source)
	at java.lang.reflect.Method.invoke(Unknown Source)
	at org.eclipse.equinox.launcher.Main.invokeFramework(Main.java:636)
	at org.eclipse.equinox.launcher.Main.basicRun(Main.java:591)
	at org.eclipse.equinox.launcher.Main.run(Main.java:1450)
	at org.eclipse.equinox.launcher.Main.main(Main.java:1426)
	at org.eclipse.core.launcher.Main.main(Main.java:34)
Caused by: java.lang.ClassNotFoundException: org.apache.log.format.Formatter cannot be found by com.kony.thirdparty.jars_7.0.0.GA_v201602241207
	at org.eclipse.osgi.internal.loader.BundleLoader.findClassInternal(BundleLoader.java:501)
	at org.eclipse.osgi.internal.loader.BundleLoader.findClass(BundleLoader.java:421)
	at org.eclipse.osgi.internal.loader.BundleLoader.findClass(BundleLoader.java:412)
	at org.eclipse.osgi.internal.baseadaptor.DefaultClassLoader.loadClass(DefaultClassLoader.java:107)
	at java.lang.ClassLoader.loadClass(Unknown Source)
	... 52 more
2016-06-20 12:50:27,401 - Trying to use logger class org.apache.velocity.runtime.log.Log4JLogChute
2016-06-20 12:50:27,401 - Using logger class org.apache.velocity.runtime.log.Log4JLogChute
2016-06-20 12:50:27,403 - Default ResourceManager initializing. (class org.apache.velocity.runtime.resource.ResourceManagerImpl)
2016-06-20 12:50:27,405 - ResourceLoader instantiated: org.apache.velocity.runtime.resource.loader.ClasspathResourceLoader
2016-06-20 12:50:27,419 - ResourceCache: initialized (class org.apache.velocity.runtime.resource.ResourceCacheImpl)
2016-06-20 12:50:27,420 - Loaded System Directive: org.apache.velocity.runtime.directive.Literal
2016-06-20 12:50:27,422 - Loaded System Directive: org.apache.velocity.runtime.directive.Macro
2016-06-20 12:50:27,424 - Loaded System Directive: org.apache.velocity.runtime.directive.Parse
2016-06-20 12:50:27,425 - Loaded System Directive: org.apache.velocity.runtime.directive.Include
2016-06-20 12:50:27,426 - Loaded System Directive: org.apache.velocity.runtime.directive.Foreach
2016-06-20 12:50:27,459 - Created '20' parsers.
2016-06-20 12:50:27,467 - Velocimacro : "velocimacro.library" is not set.  Trying default library: VM_global_library.vm
2016-06-20 12:50:27,576 - Velocimacro : Default library not found.
2016-06-20 12:50:27,576 - Velocimacro : allowInline = true : VMs can be defined inline in templates
2016-06-20 12:50:27,576 - Velocimacro : allowInlineToOverride = false : VMs defined inline may NOT replace previous VM definitions
2016-06-20 12:50:27,576 - Velocimacro : allowInlineLocal = false : VMs defined inline will be global in scope if allowed.
2016-06-20 12:50:27,576 - Velocimacro : autoload off : VM system will not automatically reload global library macros
2016-06-20 12:57:45,308 - Log4JLogChute initialized using file 'velocity.log'
2016-06-20 12:57:45,308 - Starting Apache Velocity v1.5 (compiled: 2007-02-22 08:52:29)
2016-06-20 12:57:45,308 - Default Properties File: org\apache\velocity\runtime\defaults\velocity.properties
2016-06-20 12:57:45,308 - Trying to use logger class org.apache.velocity.runtime.log.AvalonLogChute
2016-06-20 12:57:45,309 - Couldn't find class org.apache.velocity.runtime.log.AvalonLogChute or necessary supporting classes in classpath.
java.lang.NoClassDefFoundError: org/apache/log/format/Formatter
	at java.lang.Class.forName0(Native Method)
	at java.lang.Class.forName(Unknown Source)
	at org.apache.velocity.util.ClassUtils.getClass(ClassUtils.java:63)
	at org.apache.velocity.util.ClassUtils.getNewInstance(ClassUtils.java:95)
	at org.apache.velocity.runtime.log.LogManager.createLogChute(LogManager.java:147)
	at org.apache.velocity.runtime.log.LogManager.updateLog(LogManager.java:208)
	at org.apache.velocity.runtime.RuntimeInstance.initializeLog(RuntimeInstance.java:728)
	at org.apache.velocity.runtime.RuntimeInstance.init(RuntimeInstance.java:240)
	at org.apache.velocity.runtime.RuntimeInstance.init(RuntimeInstance.java:534)
	at org.apache.velocity.runtime.RuntimeSingleton.init(RuntimeSingleton.java:227)
	at org.apache.velocity.app.Velocity.init(Velocity.java:111)
	at com.kony.tool.templateprovider.VelocityTemplateProvider.<clinit>(VelocityTemplateProvider.java:53)
	at com.pat.tool.keditor.KEditorPlugin.init(KEditorPlugin.java:679)
	at com.pat.tool.keditor.KEditorPlugin.start(KEditorPlugin.java:578)
	at org.eclipse.osgi.framework.internal.core.BundleContextImpl$1.run(BundleContextImpl.java:711)
	at java.security.AccessController.doPrivileged(Native Method)
	at org.eclipse.osgi.framework.internal.core.BundleContextImpl.startActivator(BundleContextImpl.java:702)
	at org.eclipse.osgi.framework.internal.core.BundleContextImpl.start(BundleContextImpl.java:683)
	at org.eclipse.osgi.framework.internal.core.BundleHost.startWorker(BundleHost.java:381)
	at org.eclipse.osgi.framework.internal.core.AbstractBundle.start(AbstractBundle.java:300)
	at org.eclipse.osgi.framework.util.SecureAction.start(SecureAction.java:478)
	at org.eclipse.osgi.internal.loader.BundleLoader.setLazyTrigger(BundleLoader.java:263)
	at org.eclipse.core.runtime.internal.adaptor.EclipseLazyStarter.postFindLocalClass(EclipseLazyStarter.java:109)
	at org.eclipse.osgi.baseadaptor.loader.ClasspathManager.findLocalClass(ClasspathManager.java:469)
	at org.eclipse.osgi.internal.baseadaptor.DefaultClassLoader.findLocalClass(DefaultClassLoader.java:216)
	at org.eclipse.osgi.internal.loader.BundleLoader.findLocalClass(BundleLoader.java:395)
	at org.eclipse.osgi.internal.loader.BundleLoader.findClassInternal(BundleLoader.java:464)
	at org.eclipse.osgi.internal.loader.BundleLoader.findClass(BundleLoader.java:421)
	at org.eclipse.osgi.internal.loader.BundleLoader.findClass(BundleLoader.java:412)
	at org.eclipse.osgi.internal.baseadaptor.DefaultClassLoader.loadClass(DefaultClassLoader.java:107)
	at java.lang.ClassLoader.loadClass(Unknown Source)
	at org.eclipse.osgi.internal.loader.BundleLoader.loadClass(BundleLoader.java:340)
	at org.eclipse.osgi.framework.internal.core.BundleHost.loadClass(BundleHost.java:229)
	at org.eclipse.osgi.framework.internal.core.AbstractBundle.loadClass(AbstractBundle.java:1212)
	at org.eclipse.core.internal.registry.osgi.RegistryStrategyOSGI.createExecutableExtension(RegistryStrategyOSGI.java:174)
	at org.eclipse.core.internal.registry.ExtensionRegistry.createExecutableExtension(ExtensionRegistry.java:905)
	at org.eclipse.core.internal.registry.ConfigurationElement.createExecutableExtension(ConfigurationElement.java:243)
	at org.eclipse.core.internal.registry.ConfigurationElementHandle.createExecutableExtension(ConfigurationElementHandle.java:55)
	at org.eclipse.equinox.internal.app.EclipseAppHandle.run(EclipseAppHandle.java:191)
	at org.eclipse.core.runtime.internal.adaptor.EclipseAppLauncher.runApplication(EclipseAppLauncher.java:110)
	at org.eclipse.core.runtime.internal.adaptor.EclipseAppLauncher.start(EclipseAppLauncher.java:79)
	at org.eclipse.core.runtime.adaptor.EclipseStarter.run(EclipseStarter.java:354)
	at org.eclipse.core.runtime.adaptor.EclipseStarter.run(EclipseStarter.java:181)
	at sun.reflect.NativeMethodAccessorImpl.invoke0(Native Method)
	at sun.reflect.NativeMethodAccessorImpl.invoke(Unknown Source)
	at sun.reflect.DelegatingMethodAccessorImpl.invoke(Unknown Source)
	at java.lang.reflect.Method.invoke(Unknown Source)
	at org.eclipse.equinox.launcher.Main.invokeFramework(Main.java:636)
	at org.eclipse.equinox.launcher.Main.basicRun(Main.java:591)
	at org.eclipse.equinox.launcher.Main.run(Main.java:1450)
	at org.eclipse.equinox.launcher.Main.main(Main.java:1426)
	at org.eclipse.core.launcher.Main.main(Main.java:34)
Caused by: java.lang.ClassNotFoundException: org.apache.log.format.Formatter cannot be found by com.kony.thirdparty.jars_7.0.0.GA_v201602241207
	at org.eclipse.osgi.internal.loader.BundleLoader.findClassInternal(BundleLoader.java:501)
	at org.eclipse.osgi.internal.loader.BundleLoader.findClass(BundleLoader.java:421)
	at org.eclipse.osgi.internal.loader.BundleLoader.findClass(BundleLoader.java:412)
	at org.eclipse.osgi.internal.baseadaptor.DefaultClassLoader.loadClass(DefaultClassLoader.java:107)
	at java.lang.ClassLoader.loadClass(Unknown Source)
	... 52 more
2016-06-20 12:57:45,310 - Trying to use logger class org.apache.velocity.runtime.log.Log4JLogChute
2016-06-20 12:57:45,310 - Using logger class org.apache.velocity.runtime.log.Log4JLogChute
2016-06-20 12:57:45,312 - Default ResourceManager initializing. (class org.apache.velocity.runtime.resource.ResourceManagerImpl)
2016-06-20 12:57:45,314 - ResourceLoader instantiated: org.apache.velocity.runtime.resource.loader.ClasspathResourceLoader
2016-06-20 12:57:45,326 - ResourceCache: initialized (class org.apache.velocity.runtime.resource.ResourceCacheImpl)
2016-06-20 12:57:45,327 - Loaded System Directive: org.apache.velocity.runtime.directive.Literal
2016-06-20 12:57:45,328 - Loaded System Directive: org.apache.velocity.runtime.directive.Macro
2016-06-20 12:57:45,329 - Loaded System Directive: org.apache.velocity.runtime.directive.Parse
2016-06-20 12:57:45,331 - Loaded System Directive: org.apache.velocity.runtime.directive.Include
2016-06-20 12:57:45,332 - Loaded System Directive: org.apache.velocity.runtime.directive.Foreach
2016-06-20 12:57:45,361 - Created '20' parsers.
2016-06-20 12:57:45,371 - Velocimacro : "velocimacro.library" is not set.  Trying default library: VM_global_library.vm
2016-06-20 12:57:45,445 - Velocimacro : Default library not found.
2016-06-20 12:57:45,446 - Velocimacro : allowInline = true : VMs can be defined inline in templates
2016-06-20 12:57:45,446 - Velocimacro : allowInlineToOverride = false : VMs defined inline may NOT replace previous VM definitions
2016-06-20 12:57:45,446 - Velocimacro : allowInlineLocal = false : VMs defined inline will be global in scope if allowed.
2016-06-20 12:57:45,446 - Velocimacro : autoload off : VM system will not automatically reload global library macros
2016-06-20 12:57:57,461 - ResourceManager : found tpjsmiddlewareerror.vm with loader org.apache.velocity.runtime.resource.loader.ClasspathResourceLoader
2016-06-20 12:57:57,461 - ResourceManager : found tpjssessionerror.vm with loader org.apache.velocity.runtime.resource.loader.ClasspathResourceLoader
2016-06-20 12:57:57,462 - ResourceManager : found tpjsapperror.vm with loader org.apache.velocity.runtime.resource.loader.ClasspathResourceLoader
2016-06-20 12:57:57,477 - ResourceManager : found tpjsmiddlewareinvoker.vm with loader org.apache.velocity.runtime.resource.loader.ClasspathResourceLoader
2016-06-20 12:57:57,479 - Left side ($palmpre) of '==' operation has null value. If a reference, it may not be in the context. Operation not possible. tpjsmiddlewareinvoker.vm [line 93, column 20]
2016-06-20 12:57:57,479 - Left side ($palmpre) of '==' operation has null value. If a reference, it may not be in the context. Operation not possible. tpjsmiddlewareinvoker.vm [line 172, column 20]
2016-06-20 12:57:57,479 - Left side ($palmpre) of '==' operation has null value. If a reference, it may not be in the context. Operation not possible. tpjsmiddlewareinvoker.vm [line 255, column 20]
2016-06-20 12:57:57,479 - Left side ($palmpre) of '==' operation has null value. If a reference, it may not be in the context. Operation not possible. tpjsmiddlewareinvoker.vm [line 326, column 20]
2016-06-20 12:57:57,479 - Left side ($palmpre) of '==' operation has null value. If a reference, it may not be in the context. Operation not possible. tpjsmiddlewareinvoker.vm [line 395, column 20]
2016-06-20 12:57:57,479 - ResourceManager : found tpjscallfunc.vm with loader org.apache.velocity.runtime.resource.loader.ClasspathResourceLoader
2016-06-20 12:57:57,512 - ResourceManager : found tpjsstartup.vm with loader org.apache.velocity.runtime.resource.loader.ClasspathResourceLoader
2016-06-20 12:57:57,529 - ResourceManager : found tpjshybridstartupforspa.vm with loader org.apache.velocity.runtime.resource.loader.ClasspathResourceLoader
2016-06-20 12:57:57,539 - ResourceManager : found tpjswinmobilesequencecontainerglobals.vm with loader org.apache.velocity.runtime.resource.loader.ClasspathResourceLoader
2016-06-20 12:57:57,542 - ResourceManager : found tpjswinmobilesequence.vm with loader org.apache.velocity.runtime.resource.loader.ClasspathResourceLoader
2016-06-20 12:57:57,545 - ResourceManager : found tpjsappconfigfortc.vm with loader org.apache.velocity.runtime.resource.loader.ClasspathResourceLoader
2016-06-20 12:57:57,546 - ResourceManager : found customizederrorjsptemplate.vm with loader org.apache.velocity.runtime.resource.loader.ClasspathResourceLoader
2016-06-20 12:57:57,548 - ResourceManager : found tpspabasetemplateforjs.vm with loader org.apache.velocity.runtime.resource.loader.ClasspathResourceLoader
2016-06-20 12:57:57,549 - ResourceManager : found tpjsformglobalsforbb10.vm with loader org.apache.velocity.runtime.resource.loader.ClasspathResourceLoader
